<?xml version="1.0" encoding="UTF-8"?>
<!-- Generated by org.testng.reporters.JUnitXMLReporter -->
<testsuite ignored="6" hostname="DESKTOP-LEJP8C6" failures="1" tests="5" name="Test" time="81.627" errors="0" timestamp="2023-06-05T11:47:59 IST">
  <testcase classname="test.VerifyRegister" name="Register" time="2.379"/>
  <testcase classname="test.VerifyRegister" name="InvalidR1" time="3.765">
    <failure type="java.lang.AssertionError" message="The following asserts failed:
	Process Failed expected [Warning: You must agree to the Privacy Policy!] but found [Errort]">
      <![CDATA[java.lang.AssertionError: The following asserts failed:
Process Failed expected [Warning: You must agree to the Privacy Policy!] but found [Errort]
at PageObjectModel.Common.commonassert(Common.java:11)
at test.VerifyRegister.InvalidR1(VerifyRegister.java:73)
at java.base/java.util.ArrayList.forEach(ArrayList.java:1511)
... Removed 29 stack frames]]>
    </failure>
  </testcase> <!-- InvalidR1 -->
  <testcase classname="test.VerifyLogin" name="Login" time="1.921"/>
  <testcase classname="test.VerifyTabs" name="Tabs" time="7.205"/>
  <testcase classname="test.VerifyCostAdd" name="Costadd" time="32.1"/>
  <testcase classname="Resources.Base" name="@BeforeTest ExtentReport" time="0.0">
    <ignored/>
  </testcase> <!-- @BeforeTest ExtentReport -->
  <testcase classname="Resources.Base" name="@AfterTest endReport" time="0.0">
    <ignored/>
  </testcase> <!-- @AfterTest endReport -->
  <testcase classname="Resources.Base" name="@BeforeTest ExtentReport" time="0.0">
    <ignored/>
  </testcase> <!-- @BeforeTest ExtentReport -->
  <testcase classname="Resources.Base" name="@AfterTest endReport" time="0.0">
    <ignored/>
  </testcase> <!-- @AfterTest endReport -->
  <testcase classname="Resources.Base" name="@BeforeTest ExtentReport" time="0.0">
    <ignored/>
  </testcase> <!-- @BeforeTest ExtentReport -->
  <testcase classname="Resources.Base" name="@AfterTest endReport" time="0.0">
    <ignored/>
  </testcase> <!-- @AfterTest endReport -->
</testsuite> <!-- Test -->
