<?xml version="1.0" encoding="UTF-8"?>
<testng-results ignored="6" total="11" passed="4" failed="1" skipped="0">
  <reporter-output>
  </reporter-output>
  <suite started-at="2023-06-05T11:46:37 IST" name="Suite" finished-at="2023-06-05T11:47:59 IST" duration-ms="81627">
    <groups>
    </groups>
    <test started-at="2023-06-05T11:46:37 IST" name="Test" finished-at="2023-06-05T11:47:59 IST" duration-ms="81627">
      <class name="test.VerifyLogin">
        <test-method is-config="true" signature="launchBrowser()[pri:0, instance:test.VerifyLogin@515c6049]" started-at="2023-06-05T11:46:53 IST" name="launchBrowser" finished-at="2023-06-05T11:46:58 IST" duration-ms="5194" status="PASS">
          <reporter-output>
          </reporter-output>
        </test-method> <!-- launchBrowser -->
        <test-method signature="Login()[pri:0, instance:test.VerifyLogin@515c6049]" started-at="2023-06-05T11:46:58 IST" name="Login" finished-at="2023-06-05T11:47:00 IST" duration-ms="1921" status="PASS">
          <reporter-output>
          </reporter-output>
        </test-method> <!-- Login -->
      </class> <!-- test.VerifyLogin -->
      <class name="test.VerifyCostAdd">
        <test-method is-config="true" signature="launchBrowser()[pri:0, instance:test.VerifyCostAdd@5fe94a96]" started-at="2023-06-05T11:47:15 IST" name="launchBrowser" finished-at="2023-06-05T11:47:26 IST" duration-ms="10977" status="PASS">
          <reporter-output>
          </reporter-output>
        </test-method> <!-- launchBrowser -->
        <test-method signature="Costadd()[pri:0, instance:test.VerifyCostAdd@5fe94a96]" started-at="2023-06-05T11:47:26 IST" name="Costadd" finished-at="2023-06-05T11:47:58 IST" duration-ms="32100" status="PASS">
          <reporter-output>
          </reporter-output>
        </test-method> <!-- Costadd -->
      </class> <!-- test.VerifyCostAdd -->
      <class name="test.VerifyTabs">
        <test-method is-config="true" signature="launchBrowser()[pri:0, instance:test.VerifyTabs@639c2c1d]" started-at="2023-06-05T11:47:00 IST" name="launchBrowser" finished-at="2023-06-05T11:47:08 IST" duration-ms="7782" status="PASS">
          <reporter-output>
          </reporter-output>
        </test-method> <!-- launchBrowser -->
        <test-method signature="Tabs()[pri:0, instance:test.VerifyTabs@639c2c1d]" started-at="2023-06-05T11:47:08 IST" name="Tabs" finished-at="2023-06-05T11:47:15 IST" duration-ms="7205" status="PASS">
          <reporter-output>
          </reporter-output>
        </test-method> <!-- Tabs -->
      </class> <!-- test.VerifyTabs -->
      <class name="test.VerifyRegister">
        <test-method is-config="true" signature="ExtentReport()[pri:0, instance:test.VerifyRegister@59474f18]" started-at="2023-06-05T11:46:37 IST" name="ExtentReport" finished-at="2023-06-05T11:46:38 IST" duration-ms="496" status="PASS">
          <reporter-output>
          </reporter-output>
        </test-method> <!-- ExtentReport -->
        <test-method is-config="true" signature="launchBrowser()[pri:0, instance:test.VerifyRegister@59474f18]" started-at="2023-06-05T11:46:38 IST" name="launchBrowser" finished-at="2023-06-05T11:46:44 IST" duration-ms="5806" status="PASS">
          <reporter-output>
          </reporter-output>
        </test-method> <!-- launchBrowser -->
        <test-method signature="Register()[pri:0, instance:test.VerifyRegister@59474f18]" started-at="2023-06-05T11:46:44 IST" name="Register" finished-at="2023-06-05T11:46:46 IST" duration-ms="2379" status="PASS">
          <reporter-output>
          </reporter-output>
        </test-method> <!-- Register -->
        <test-method is-config="true" signature="launchBrowser()[pri:0, instance:test.VerifyRegister@59474f18]" started-at="2023-06-05T11:46:46 IST" name="launchBrowser" finished-at="2023-06-05T11:46:49 IST" duration-ms="3066" status="PASS">
          <reporter-output>
          </reporter-output>
        </test-method> <!-- launchBrowser -->
        <test-method signature="InvalidR1()[pri:1, instance:test.VerifyRegister@59474f18]" started-at="2023-06-05T11:46:49 IST" name="InvalidR1" finished-at="2023-06-05T11:46:53 IST" duration-ms="3765" status="FAIL">
          <exception class="java.lang.AssertionError">
            <message>
              <![CDATA[The following asserts failed:
Process Failed expected [Warning: You must agree to the Privacy Policy!] but found [Errort]]]>
            </message>
            <full-stacktrace>
              <![CDATA[java.lang.AssertionError: The following asserts failed:
Process Failed expected [Warning: You must agree to the Privacy Policy!] but found [Errort]
at org.testng.asserts.SoftAssert.assertAll(SoftAssert.java:46)
at org.testng.asserts.SoftAssert.assertAll(SoftAssert.java:30)
at PageObjectModel.Common.commonassert(Common.java:11)
at test.VerifyRegister.InvalidR1(VerifyRegister.java:73)
at java.base/jdk.internal.reflect.NativeMethodAccessorImpl.invoke0(Native Method)
at java.base/jdk.internal.reflect.NativeMethodAccessorImpl.invoke(NativeMethodAccessorImpl.java:77)
at java.base/jdk.internal.reflect.DelegatingMethodAccessorImpl.invoke(DelegatingMethodAccessorImpl.java:43)
at java.base/java.lang.reflect.Method.invoke(Method.java:568)
at org.testng.internal.invokers.MethodInvocationHelper.invokeMethod(MethodInvocationHelper.java:139)
at org.testng.internal.invokers.TestInvoker.invokeMethod(TestInvoker.java:677)
at org.testng.internal.invokers.TestInvoker.invokeTestMethod(TestInvoker.java:221)
at org.testng.internal.invokers.MethodRunner.runInSequence(MethodRunner.java:50)
at org.testng.internal.invokers.TestInvoker$MethodInvocationAgent.invoke(TestInvoker.java:969)
at org.testng.internal.invokers.TestInvoker.invokeTestMethods(TestInvoker.java:194)
at org.testng.internal.invokers.TestMethodWorker.invokeTestMethods(TestMethodWorker.java:148)
at org.testng.internal.invokers.TestMethodWorker.run(TestMethodWorker.java:128)
at java.base/java.util.ArrayList.forEach(ArrayList.java:1511)
at org.testng.TestRunner.privateRun(TestRunner.java:829)
at org.testng.TestRunner.run(TestRunner.java:602)
at org.testng.SuiteRunner.runTest(SuiteRunner.java:437)
at org.testng.SuiteRunner.runSequentially(SuiteRunner.java:431)
at org.testng.SuiteRunner.privateRun(SuiteRunner.java:391)
at org.testng.SuiteRunner.run(SuiteRunner.java:330)
at org.testng.SuiteRunnerWorker.runSuite(SuiteRunnerWorker.java:52)
at org.testng.SuiteRunnerWorker.run(SuiteRunnerWorker.java:95)
at org.testng.TestNG.runSuitesSequentially(TestNG.java:1256)
at org.testng.TestNG.runSuitesLocally(TestNG.java:1176)
at org.testng.TestNG.runSuites(TestNG.java:1099)
at org.testng.TestNG.run(TestNG.java:1067)
at org.testng.remote.AbstractRemoteTestNG.run(AbstractRemoteTestNG.java:115)
at org.testng.remote.RemoteTestNG.initAndRun(RemoteTestNG.java:251)
at org.testng.remote.RemoteTestNG.main(RemoteTestNG.java:77)
]]>
            </full-stacktrace>
          </exception> <!-- java.lang.AssertionError -->
          <reporter-output>
          </reporter-output>
        </test-method> <!-- InvalidR1 -->
        <test-method is-config="true" signature="endReport()[pri:0, instance:test.VerifyRegister@59474f18]" started-at="2023-06-05T11:47:58 IST" name="endReport" finished-at="2023-06-05T11:47:59 IST" duration-ms="656" status="PASS">
          <reporter-output>
          </reporter-output>
        </test-method> <!-- endReport -->
      </class> <!-- test.VerifyRegister -->
    </test> <!-- Test -->
  </suite> <!-- Suite -->
</testng-results>
